# JRE version: OpenJDK Runtime Environment Temurin-21.0.10+7 (21.0.10+7) (build 21.0.10+7-LTS)
# Java VM: OpenJDK 64-Bit Server VM Temurin-21.0.10+7 (21.0.10+7-LTS, mixed mode, sharing, tiered, compressed oops, compressed class ptrs, parallel gc, windows-amd64)
GC Precious Log:
 CardTable entry size: 512
 CPUs: 12 total, 12 available
 Memory: 15720M
 Large Page Support: Disabled
 NUMA Support: Disabled
 Compressed Oops: Enabled (32-bit)
 Alignments: Space 512K, Generation 512K, Heap 2M
 Heap Min Capacity: 100M
 Heap Initial Capacity: 100M
 Heap Max Capacity: 2G
 Pre-touch: Disabled
 Parallel Workers: 10
Heap:
 PSYoungGen      total 20992K, used 10936K [0x00000000d5580000, 0x00000000d6d80000, 0x0000000100000000)
  eden space 19456K, 48% used [0x00000000d5580000,0x00000000d5ebe248,0x00000000d6880000)
  from space 1536K, 95% used [0x00000000d6880000,0x00000000d69f0010,0x00000000d6a00000)
  to   space 2560K, 0% used [0x00000000d6b00000,0x00000000d6b00000,0x00000000d6d80000)
 ParOldGen       total 68608K, used 40310K [0x0000000080000000, 0x0000000084300000, 0x00000000d5580000)
  object space 68608K, 58% used [0x0000000080000000,0x000000008275db18,0x0000000084300000)
 Metaspace       used 44857K, committed 46016K, reserved 1114112K
  class space    used 4466K, committed 4992K, reserved 1048576K
GC Heap History (20 events):
Event: 7.229 GC heap before
{Heap before GC invocations=22 (full 2):
 PSYoungGen      total 22016K, used 22012K [0x00000000d5580000, 0x00000000d7000000, 0x0000000100000000)
  eden space 20992K, 100% used [0x00000000d5580000,0x00000000d6a00000,0x00000000d6a00000)
  from space 1024K, 99% used [0x00000000d6a00000,0x00000000d6aff2e8,0x00000000d6b00000)
  to   space 3072K, 0% used [0x00000000d6d00000,0x00000000d6d00000,0x00000000d7000000)
 ParOldGen       total 68608K, used 30863K [0x0000000080000000, 0x0000000084300000, 0x00000000d5580000)
  object space 68608K, 44% used [0x0000000080000000,0x0000000081e23ed8,0x0000000084300000)
 Metaspace       used 37294K, committed 38272K, reserved 1114112K
  class space    used 3813K, committed 4224K, reserved 1048576K
}
Event: 7.230 GC heap after
{Heap after GC invocations=22 (full 2):
 PSYoungGen      total 22016K, used 886K [0x00000000d5580000, 0x00000000d6e00000, 0x0000000100000000)
  eden space 20992K, 0% used [0x00000000d5580000,0x00000000d5580000,0x00000000d6a00000)
  from space 1024K, 86% used [0x00000000d6d00000,0x00000000d6ddd9d0,0x00000000d6e00000)
  to   space 1536K, 0% used [0x00000000d6b00000,0x00000000d6b00000,0x00000000d6c80000)
 ParOldGen       total 68608K, used 32043K [0x0000000080000000, 0x0000000084300000, 0x00000000d5580000)
  object space 68608K, 46% used [0x0000000080000000,0x0000000081f4ac10,0x0000000084300000)
 Metaspace       used 37294K, committed 38272K, reserved 1114112K
  class space    used 3813K, committed 4224K, reserved 1048576K
}
Event: 7.351 GC heap before
{Heap before GC invocations=23 (full 2):
 PSYoungGen      total 22016K, used 21874K [0x00000000d5580000, 0x00000000d6e00000, 0x0000000100000000)
  eden space 20992K, 99% used [0x00000000d5580000,0x00000000d69ff148,0x00000000d6a00000)
  from space 1024K, 86% used [0x00000000d6d00000,0x00000000d6ddd9d0,0x00000000d6e00000)
  to   space 1536K, 0% used [0x00000000d6b00000,0x00000000d6b00000,0x00000000d6c80000)
 ParOldGen       total 68608K, used 32043K [0x0000000080000000, 0x0000000084300000, 0x00000000d5580000)
  object space 68608K, 46% used [0x0000000080000000,0x0000000081f4ac10,0x0000000084300000)
 Metaspace       used 38649K, committed 39616K, reserved 1114112K
  class space    used 3955K, committed 4352K, reserved 1048576K
}
Event: 7.352 GC heap after
{Heap after GC invocations=23 (full 2):
 PSYoungGen      total 22528K, used 1088K [0x00000000d5580000, 0x00000000d6d80000, 0x0000000100000000)
  eden space 20992K, 0% used [0x00000000d5580000,0x00000000d5580000,0x00000000d6a00000)
  from space 1536K, 70% used [0x00000000d6b00000,0x00000000d6c100b8,0x00000000d6c80000)
  to   space 1024K, 0% used [0x00000000d6c80000,0x00000000d6c80000,0x00000000d6d80000)
 ParOldGen       total 68608K, used 32075K [0x0000000080000000, 0x0000000084300000, 0x00000000d5580000)
  object space 68608K, 46% used [0x0000000080000000,0x0000000081f52c10,0x0000000084300000)
 Metaspace       used 38649K, committed 39616K, reserved 1114112K
  class space    used 3955K, committed 4352K, reserved 1048576K
}
Event: 7.622 GC heap before
{Heap before GC invocations=24 (full 2):
 PSYoungGen      total 22528K, used 22080K [0x00000000d5580000, 0x00000000d6d80000, 0x0000000100000000)
  eden space 20992K, 100% used [0x00000000d5580000,0x00000000d6a00000,0x00000000d6a00000)
  from space 1536K, 70% used [0x00000000d6b00000,0x00000000d6c100b8,0x00000000d6c80000)
  to   space 1024K, 0% used [0x00000000d6c80000,0x00000000d6c80000,0x00000000d6d80000)
 ParOldGen       total 68608K, used 32075K [0x0000000080000000, 0x0000000084300000, 0x00000000d5580000)
  object space 68608K, 46% used [0x0000000080000000,0x0000000081f52c10,0x0000000084300000)
 Metaspace       used 39706K, committed 40704K, reserved 1114112K
  class space    used 4048K, committed 4480K, reserved 1048576K
}
Event: 7.624 GC heap after
{Heap after GC invocations=24 (full 2):
 PSYoungGen      total 21504K, used 512K [0x00000000d5580000, 0x00000000d6d00000, 0x0000000100000000)
  eden space 20992K, 0% used [0x00000000d5580000,0x00000000d5580000,0x00000000d6a00000)
  from space 512K, 100% used [0x00000000d6c80000,0x00000000d6d00000,0x00000000d6d00000)
  to   space 1024K, 0% used [0x00000000d6b00000,0x00000000d6b00000,0x00000000d6c00000)
 ParOldGen       total 68608K, used 32763K [0x0000000080000000, 0x0000000084300000, 0x00000000d5580000)
  object space 68608K, 47% used [0x0000000080000000,0x0000000081ffecb0,0x0000000084300000)
 Metaspace       used 39706K, committed 40704K, reserved 1114112K
  class space    used 4048K, committed 4480K, reserved 1048576K
}
Event: 7.858 GC heap before
{Heap before GC invocations=25 (full 2):
 PSYoungGen      total 21504K, used 21504K [0x00000000d5580000, 0x00000000d6d00000, 0x0000000100000000)
  eden space 20992K, 100% used [0x00000000d5580000,0x00000000d6a00000,0x00000000d6a00000)
  from space 512K, 100% used [0x00000000d6c80000,0x00000000d6d00000,0x00000000d6d00000)
  to   space 1024K, 0% used [0x00000000d6b00000,0x00000000d6b00000,0x00000000d6c00000)
 ParOldGen       total 68608K, used 32763K [0x0000000080000000, 0x0000000084300000, 0x00000000d5580000)
  object space 68608K, 47% used [0x0000000080000000,0x0000000081ffecb0,0x0000000084300000)
 Metaspace       used 40061K, committed 41088K, reserved 1114112K
  class space    used 4072K, committed 4480K, reserved 1048576K
}
Event: 7.859 GC heap after
{Heap after GC invocations=25 (full 2):
 PSYoungGen      total 22016K, used 512K [0x00000000d5580000, 0x00000000d6d00000, 0x0000000100000000)
  eden space 20992K, 0% used [0x00000000d5580000,0x00000000d5580000,0x00000000d6a00000)
  from space 1024K, 50% used [0x00000000d6b00000,0x00000000d6b80000,0x00000000d6c00000)
  to   space 1024K, 0% used [0x00000000d6c00000,0x00000000d6c00000,0x00000000d6d00000)
 ParOldGen       total 68608K, used 32976K [0x0000000080000000, 0x0000000084300000, 0x00000000d5580000)
  object space 68608K, 48% used [0x0000000080000000,0x0000000082034208,0x0000000084300000)
 Metaspace       used 40061K, committed 41088K, reserved 1114112K
  class space    used 4072K, committed 4480K, reserved 1048576K
}
Event: 8.207 GC heap before
{Heap before GC invocations=26 (full 2):
 PSYoungGen      total 22016K, used 21504K [0x00000000d5580000, 0x00000000d6d00000, 0x0000000100000000)
  eden space 20992K, 100% used [0x00000000d5580000,0x00000000d6a00000,0x00000000d6a00000)
  from space 1024K, 50% used [0x00000000d6b00000,0x00000000d6b80000,0x00000000d6c00000)
  to   space 1024K, 0% used [0x00000000d6c00000,0x00000000d6c00000,0x00000000d6d00000)
 ParOldGen       total 68608K, used 32976K [0x0000000080000000, 0x0000000084300000, 0x00000000d5580000)
  object space 68608K, 48% used [0x0000000080000000,0x0000000082034208,0x0000000084300000)
 Metaspace       used 40455K, committed 41536K, reserved 1114112K
  class space    used 4094K, committed 4544K, reserved 1048576K
}
Event: 8.208 GC heap after
{Heap after GC invocations=26 (full 2):
 PSYoungGen      total 22016K, used 736K [0x00000000d5580000, 0x00000000d6d00000, 0x0000000100000000)
  eden space 20992K, 0% used [0x00000000d5580000,0x00000000d5580000,0x00000000d6a00000)
  from space 1024K, 71% used [0x00000000d6c00000,0x00000000d6cb8300,0x00000000d6d00000)
  to   space 1024K, 0% used [0x00000000d6b00000,0x00000000d6b00000,0x00000000d6c00000)
 ParOldGen       total 68608K, used 33216K [0x0000000080000000, 0x0000000084300000, 0x00000000d5580000)
  object space 68608K, 48% used [0x0000000080000000,0x0000000082070208,0x0000000084300000)
 Metaspace       used 40455K, committed 41536K, reserved 1114112K
  class space    used 4094K, committed 4544K, reserved 1048576K
}
Event: 8.949 GC heap before
{Heap before GC invocations=27 (full 2):
 PSYoungGen      total 22016K, used 21728K [0x00000000d5580000, 0x00000000d6d00000, 0x0000000100000000)
  eden space 20992K, 100% used [0x00000000d5580000,0x00000000d6a00000,0x00000000d6a00000)
  from space 1024K, 71% used [0x00000000d6c00000,0x00000000d6cb8300,0x00000000d6d00000)
  to   space 1024K, 0% used [0x00000000d6b00000,0x00000000d6b00000,0x00000000d6c00000)
 ParOldGen       total 68608K, used 33216K [0x0000000080000000, 0x0000000084300000, 0x00000000d5580000)
  object space 68608K, 48% used [0x0000000080000000,0x0000000082070208,0x0000000084300000)
 Metaspace       used 42296K, committed 43392K, reserved 1114112K
  class space    used 4270K, committed 4736K, reserved 1048576K
}
Event: 8.951 GC heap after
{Heap after GC invocations=27 (full 2):
 PSYoungGen      total 22016K, used 1013K [0x00000000d5580000, 0x00000000d6f00000, 0x0000000100000000)
  eden space 20992K, 0% used [0x00000000d5580000,0x00000000d5580000,0x00000000d6a00000)
  from space 1024K, 98% used [0x00000000d6b00000,0x00000000d6bfd6e8,0x00000000d6c00000)
  to   space 2560K, 0% used [0x00000000d6c80000,0x00000000d6c80000,0x00000000d6f00000)
 ParOldGen       total 68608K, used 34129K [0x0000000080000000, 0x0000000084300000, 0x00000000d5580000)
  object space 68608K, 49% used [0x0000000080000000,0x0000000082154708,0x0000000084300000)
 Metaspace       used 42296K, committed 43392K, reserved 1114112K
  class space    used 4270K, committed 4736K, reserved 1048576K
}
Event: 9.323 GC heap before
{Heap before GC invocations=28 (full 2):
 PSYoungGen      total 22016K, used 22005K [0x00000000d5580000, 0x00000000d6f00000, 0x0000000100000000)
  eden space 20992K, 100% used [0x00000000d5580000,0x00000000d6a00000,0x00000000d6a00000)
  from space 1024K, 98% used [0x00000000d6b00000,0x00000000d6bfd6e8,0x00000000d6c00000)
  to   space 2560K, 0% used [0x00000000d6c80000,0x00000000d6c80000,0x00000000d6f00000)
 ParOldGen       total 68608K, used 34129K [0x0000000080000000, 0x0000000084300000, 0x00000000d5580000)
  object space 68608K, 49% used [0x0000000080000000,0x0000000082154708,0x0000000084300000)
 Metaspace       used 42697K, committed 43712K, reserved 1114112K
  class space    used 4300K, committed 4736K, reserved 1048576K
}
Event: 9.325 GC heap after
{Heap after GC invocations=28 (full 2):
 PSYoungGen      total 23040K, used 1832K [0x00000000d5580000, 0x00000000d6e80000, 0x0000000100000000)
  eden space 20992K, 0% used [0x00000000d5580000,0x00000000d5580000,0x00000000d6a00000)
  from space 2048K, 89% used [0x00000000d6c80000,0x00000000d6e4a080,0x00000000d6e80000)
  to   space 2048K, 0% used [0x00000000d6a80000,0x00000000d6a80000,0x00000000d6c80000)
 ParOldGen       total 68608K, used 35126K [0x0000000080000000, 0x0000000084300000, 0x00000000d5580000)
  object space 68608K, 51% used [0x0000000080000000,0x000000008224d950,0x0000000084300000)
 Metaspace       used 42697K, committed 43712K, reserved 1114112K
  class space    used 4300K, committed 4736K, reserved 1048576K
}
Event: 9.768 GC heap before
{Heap before GC invocations=29 (full 2):
 PSYoungGen      total 23040K, used 22824K [0x00000000d5580000, 0x00000000d6e80000, 0x0000000100000000)
  eden space 20992K, 100% used [0x00000000d5580000,0x00000000d6a00000,0x00000000d6a00000)
  from space 2048K, 89% used [0x00000000d6c80000,0x00000000d6e4a080,0x00000000d6e80000)
  to   space 2048K, 0% used [0x00000000d6a80000,0x00000000d6a80000,0x00000000d6c80000)
 ParOldGen       total 68608K, used 35126K [0x0000000080000000, 0x0000000084300000, 0x00000000d5580000)
  object space 68608K, 51% used [0x0000000080000000,0x000000008224d950,0x0000000084300000)
 Metaspace       used 43119K, committed 44160K, reserved 1114112K
  class space    used 4320K, committed 4736K, reserved 1048576K
}
Event: 9.770 GC heap after
{Heap after GC invocations=29 (full 2):
 PSYoungGen      total 23040K, used 1797K [0x00000000d5580000, 0x00000000d6e00000, 0x0000000100000000)
  eden space 20992K, 0% used [0x00000000d5580000,0x00000000d5580000,0x00000000d6a00000)
  from space 2048K, 87% used [0x00000000d6a80000,0x00000000d6c417a0,0x00000000d6c80000)
  to   space 1536K, 0% used [0x00000000d6c80000,0x00000000d6c80000,0x00000000d6e00000)
 ParOldGen       total 68608K, used 36887K [0x0000000080000000, 0x0000000084300000, 0x00000000d5580000)
  object space 68608K, 53% used [0x0000000080000000,0x0000000082405ef0,0x0000000084300000)
 Metaspace       used 43119K, committed 44160K, reserved 1114112K
  class space    used 4320K, committed 4736K, reserved 1048576K
}
Event: 10.000 GC heap before
{Heap before GC invocations=30 (full 2):
 PSYoungGen      total 23040K, used 22789K [0x00000000d5580000, 0x00000000d6e00000, 0x0000000100000000)
  eden space 20992K, 100% used [0x00000000d5580000,0x00000000d6a00000,0x00000000d6a00000)
  from space 2048K, 87% used [0x00000000d6a80000,0x00000000d6c417a0,0x00000000d6c80000)
  to   space 1536K, 0% used [0x00000000d6c80000,0x00000000d6c80000,0x00000000d6e00000)
 ParOldGen       total 68608K, used 36887K [0x0000000080000000, 0x0000000084300000, 0x00000000d5580000)
  object space 68608K, 53% used [0x0000000080000000,0x0000000082405ef0,0x0000000084300000)
 Metaspace       used 43448K, committed 44608K, reserved 1114112K
  class space    used 4344K, committed 4864K, reserved 1048576K
}
Event: 10.002 GC heap after
{Heap after GC invocations=30 (full 2):
 PSYoungGen      total 20992K, used 1519K [0x00000000d5580000, 0x00000000d7200000, 0x0000000100000000)
  eden space 19456K, 0% used [0x00000000d5580000,0x00000000d5580000,0x00000000d6880000)
  from space 1536K, 98% used [0x00000000d6c80000,0x00000000d6dfbc30,0x00000000d6e00000)
  to   space 4096K, 0% used [0x00000000d6880000,0x00000000d6880000,0x00000000d6c80000)
 ParOldGen       total 68608K, used 38820K [0x0000000080000000, 0x0000000084300000, 0x00000000d5580000)
  object space 68608K, 56% used [0x0000000080000000,0x00000000825e9010,0x0000000084300000)
 Metaspace       used 43448K, committed 44608K, reserved 1114112K
  class space    used 4344K, committed 4864K, reserved 1048576K
}
Event: 10.122 GC heap before
{Heap before GC invocations=31 (full 2):
 PSYoungGen      total 20992K, used 20975K [0x00000000d5580000, 0x00000000d7200000, 0x0000000100000000)
  eden space 19456K, 100% used [0x00000000d5580000,0x00000000d6880000,0x00000000d6880000)
  from space 1536K, 98% used [0x00000000d6c80000,0x00000000d6dfbc30,0x00000000d6e00000)
  to   space 4096K, 0% used [0x00000000d6880000,0x00000000d6880000,0x00000000d6c80000)
 ParOldGen       total 68608K, used 38820K [0x0000000080000000, 0x0000000084300000, 0x00000000d5580000)
  object space 68608K, 56% used [0x0000000080000000,0x00000000825e9010,0x0000000084300000)
 Metaspace       used 43988K, committed 45120K, reserved 1114112K
  class space    used 4394K, committed 4928K, reserved 1048576K
}
Event: 10.127 GC heap after
{Heap after GC invocations=31 (full 2):
 PSYoungGen      total 20992K, used 1472K [0x00000000d5580000, 0x00000000d6d80000, 0x0000000100000000)
  eden space 19456K, 0% used [0x00000000d5580000,0x00000000d5580000,0x00000000d6880000)
  from space 1536K, 95% used [0x00000000d6880000,0x00000000d69f0010,0x00000000d6a00000)
  to   space 2560K, 0% used [0x00000000d6b00000,0x00000000d6b00000,0x00000000d6d80000)
 ParOldGen       total 68608K, used 40310K [0x0000000080000000, 0x0000000084300000, 0x00000000d5580000)
  object space 68608K, 58% used [0x0000000080000000,0x000000008275db18,0x0000000084300000)
 Metaspace       used 43988K, committed 45120K, reserved 1114112K
  class space    used 4394K, committed 4928K, reserved 1048576K
}

