# JRE version: OpenJDK Runtime Environment Temurin-21.0.10+7 (21.0.10+7) (build 21.0.10+7-LTS)
# Java VM: OpenJDK 64-Bit Server VM Temurin-21.0.10+7 (21.0.10+7-LTS, mixed mode, sharing, tiered, compressed oops, compressed class ptrs, parallel gc, windows-amd64)
GC Precious Log:
 CardTable entry size: 512
 CPUs: 12 total, 12 available
 Memory: 15720M
 Large Page Support: Disabled
 NUMA Support: Disabled
 Compressed Oops: Enabled (32-bit)
 Alignments: Space 512K, Generation 512K, Heap 2M
 Heap Min Capacity: 100M
 Heap Initial Capacity: 100M
 Heap Max Capacity: 2G
 Pre-touch: Disabled
 Parallel Workers: 10
Heap:
 PSYoungGen      total 23040K, used 10932K [0x00000000d5580000, 0x00000000d7380000, 0x0000000100000000)
  eden space 22016K, 45% used [0x00000000d5580000,0x00000000d5f2dac0,0x00000000d6b00000)
  from space 1024K, 99% used [0x00000000d7280000,0x00000000d737f690,0x00000000d7380000)
  to   space 2560K, 0% used [0x00000000d6e80000,0x00000000d6e80000,0x00000000d7100000)
 ParOldGen       total 68608K, used 55162K [0x0000000080000000, 0x0000000084300000, 0x00000000d5580000)
  object space 68608K, 80% used [0x0000000080000000,0x00000000835dea98,0x0000000084300000)
 Metaspace       used 47502K, committed 48896K, reserved 1114112K
  class space    used 5211K, committed 5760K, reserved 1048576K
GC Heap History (20 events):
Event: 9.717 GC heap before
{Heap before GC invocations=19 (full 2):
 PSYoungGen      total 23552K, used 23249K [0x00000000d5580000, 0x00000000d6e80000, 0x0000000100000000)
  eden space 22016K, 100% used [0x00000000d5580000,0x00000000d6b00000,0x00000000d6b00000)
  from space 1536K, 80% used [0x00000000d6d00000,0x00000000d6e34400,0x00000000d6e80000)
  to   space 1536K, 0% used [0x00000000d6b80000,0x00000000d6b80000,0x00000000d6d00000)
 ParOldGen       total 68608K, used 26504K [0x0000000080000000, 0x0000000084300000, 0x00000000d5580000)
  object space 68608K, 38% used [0x0000000080000000,0x00000000819e2028,0x0000000084300000)
 Metaspace       used 41336K, committed 42624K, reserved 1114112K
  class space    used 4413K, committed 4992K, reserved 1048576K
}
Event: 9.722 GC heap after
{Heap after GC invocations=19 (full 2):
 PSYoungGen      total 23552K, used 1536K [0x00000000d5580000, 0x00000000d8700000, 0x0000000100000000)
  eden space 22016K, 0% used [0x00000000d5580000,0x00000000d5580000,0x00000000d6b00000)
  from space 1536K, 100% used [0x00000000d6b80000,0x00000000d6d00000,0x00000000d6d00000)
  to   space 14336K, 0% used [0x00000000d7900000,0x00000000d7900000,0x00000000d8700000)
 ParOldGen       total 68608K, used 37089K [0x0000000080000000, 0x0000000084300000, 0x00000000d5580000)
  object space 68608K, 54% used [0x0000000080000000,0x0000000082438448,0x0000000084300000)
 Metaspace       used 41336K, committed 42624K, reserved 1114112K
  class space    used 4413K, committed 4992K, reserved 1048576K
}
Event: 9.953 GC heap before
{Heap before GC invocations=20 (full 2):
 PSYoungGen      total 23552K, used 23552K [0x00000000d5580000, 0x00000000d8700000, 0x0000000100000000)
  eden space 22016K, 100% used [0x00000000d5580000,0x00000000d6b00000,0x00000000d6b00000)
  from space 1536K, 100% used [0x00000000d6b80000,0x00000000d6d00000,0x00000000d6d00000)
  to   space 14336K, 0% used [0x00000000d7900000,0x00000000d7900000,0x00000000d8700000)
 ParOldGen       total 68608K, used 37089K [0x0000000080000000, 0x0000000084300000, 0x00000000d5580000)
  object space 68608K, 54% used [0x0000000080000000,0x0000000082438448,0x0000000084300000)
 Metaspace       used 42599K, committed 43904K, reserved 1114112K
  class space    used 4576K, committed 5184K, reserved 1048576K
}
Event: 9.959 GC heap after
{Heap after GC invocations=20 (full 2):
 PSYoungGen      total 33792K, used 11444K [0x00000000d5580000, 0x00000000d8480000, 0x0000000100000000)
  eden space 22016K, 0% used [0x00000000d5580000,0x00000000d5580000,0x00000000d6b00000)
  from space 11776K, 97% used [0x00000000d7900000,0x00000000d842d0a8,0x00000000d8480000)
  to   space 12288K, 0% used [0x00000000d6c80000,0x00000000d6c80000,0x00000000d7880000)
 ParOldGen       total 68608K, used 38470K [0x0000000080000000, 0x0000000084300000, 0x00000000d5580000)
  object space 68608K, 56% used [0x0000000080000000,0x0000000082591a58,0x0000000084300000)
 Metaspace       used 42599K, committed 43904K, reserved 1114112K
  class space    used 4576K, committed 5184K, reserved 1048576K
}
Event: 10.359 GC heap before
{Heap before GC invocations=21 (full 2):
 PSYoungGen      total 33792K, used 33460K [0x00000000d5580000, 0x00000000d8480000, 0x0000000100000000)
  eden space 22016K, 100% used [0x00000000d5580000,0x00000000d6b00000,0x00000000d6b00000)
  from space 11776K, 97% used [0x00000000d7900000,0x00000000d842d0a8,0x00000000d8480000)
  to   space 12288K, 0% used [0x00000000d6c80000,0x00000000d6c80000,0x00000000d7880000)
 ParOldGen       total 68608K, used 38470K [0x0000000080000000, 0x0000000084300000, 0x00000000d5580000)
  object space 68608K, 56% used [0x0000000080000000,0x0000000082591a58,0x0000000084300000)
 Metaspace       used 44992K, committed 46336K, reserved 1114112K
  class space    used 4906K, committed 5504K, reserved 1048576K
}
Event: 10.366 GC heap after
{Heap after GC invocations=21 (full 2):
 PSYoungGen      total 23552K, used 1408K [0x00000000d5580000, 0x00000000d7980000, 0x0000000100000000)
  eden space 22016K, 0% used [0x00000000d5580000,0x00000000d5580000,0x00000000d6b00000)
  from space 1536K, 91% used [0x00000000d6c80000,0x00000000d6de0000,0x00000000d6e00000)
  to   space 5632K, 0% used [0x00000000d7400000,0x00000000d7400000,0x00000000d7980000)
 ParOldGen       total 68608K, used 49794K [0x0000000080000000, 0x0000000084300000, 0x00000000d5580000)
  object space 68608K, 72% used [0x0000000080000000,0x00000000830a0bc0,0x0000000084300000)
 Metaspace       used 44992K, committed 46336K, reserved 1114112K
  class space    used 4906K, committed 5504K, reserved 1048576K
}
Event: 10.802 GC heap before
{Heap before GC invocations=22 (full 2):
 PSYoungGen      total 23552K, used 23424K [0x00000000d5580000, 0x00000000d7980000, 0x0000000100000000)
  eden space 22016K, 100% used [0x00000000d5580000,0x00000000d6b00000,0x00000000d6b00000)
  from space 1536K, 91% used [0x00000000d6c80000,0x00000000d6de0000,0x00000000d6e00000)
  to   space 5632K, 0% used [0x00000000d7400000,0x00000000d7400000,0x00000000d7980000)
 ParOldGen       total 68608K, used 49794K [0x0000000080000000, 0x0000000084300000, 0x00000000d5580000)
  object space 68608K, 72% used [0x0000000080000000,0x00000000830a0bc0,0x0000000084300000)
 Metaspace       used 46753K, committed 48064K, reserved 1114112K
  class space    used 5091K, committed 5632K, reserved 1048576K
}
Event: 10.805 GC heap after
{Heap after GC invocations=22 (full 2):
 PSYoungGen      total 23040K, used 987K [0x00000000d5580000, 0x00000000d7500000, 0x0000000100000000)
  eden space 22016K, 0% used [0x00000000d5580000,0x00000000d5580000,0x00000000d6b00000)
  from space 1024K, 96% used [0x00000000d7400000,0x00000000d74f6e98,0x00000000d7500000)
  to   space 2048K, 0% used [0x00000000d7100000,0x00000000d7100000,0x00000000d7300000)
 ParOldGen       total 68608K, used 51014K [0x0000000080000000, 0x0000000084300000, 0x00000000d5580000)
  object space 68608K, 74% used [0x0000000080000000,0x00000000831d1bd0,0x0000000084300000)
 Metaspace       used 46753K, committed 48064K, reserved 1114112K
  class space    used 5091K, committed 5632K, reserved 1048576K
}
Event: 11.183 GC heap before
{Heap before GC invocations=23 (full 2):
 PSYoungGen      total 23040K, used 23003K [0x00000000d5580000, 0x00000000d7500000, 0x0000000100000000)
  eden space 22016K, 100% used [0x00000000d5580000,0x00000000d6b00000,0x00000000d6b00000)
  from space 1024K, 96% used [0x00000000d7400000,0x00000000d74f6e98,0x00000000d7500000)
  to   space 2048K, 0% used [0x00000000d7100000,0x00000000d7100000,0x00000000d7300000)
 ParOldGen       total 68608K, used 51014K [0x0000000080000000, 0x0000000084300000, 0x00000000d5580000)
  object space 68608K, 74% used [0x0000000080000000,0x00000000831d1bd0,0x0000000084300000)
 Metaspace       used 46764K, committed 48064K, reserved 1114112K
  class space    used 5091K, committed 5632K, reserved 1048576K
}
Event: 11.184 GC heap after
{Heap after GC invocations=23 (full 2):
 PSYoungGen      total 24064K, used 160K [0x00000000d5580000, 0x00000000d7480000, 0x0000000100000000)
  eden space 22016K, 0% used [0x00000000d5580000,0x00000000d5580000,0x00000000d6b00000)
  from space 2048K, 7% used [0x00000000d7100000,0x00000000d7128000,0x00000000d7300000)
  to   space 1024K, 0% used [0x00000000d7380000,0x00000000d7380000,0x00000000d7480000)
 ParOldGen       total 68608K, used 51884K [0x0000000080000000, 0x0000000084300000, 0x00000000d5580000)
  object space 68608K, 75% used [0x0000000080000000,0x00000000832ab3e8,0x0000000084300000)
 Metaspace       used 46764K, committed 48064K, reserved 1114112K
  class space    used 5091K, committed 5632K, reserved 1048576K
}
Event: 11.432 GC heap before
{Heap before GC invocations=24 (full 2):
 PSYoungGen      total 24064K, used 22176K [0x00000000d5580000, 0x00000000d7480000, 0x0000000100000000)
  eden space 22016K, 100% used [0x00000000d5580000,0x00000000d6b00000,0x00000000d6b00000)
  from space 2048K, 7% used [0x00000000d7100000,0x00000000d7128000,0x00000000d7300000)
  to   space 1024K, 0% used [0x00000000d7380000,0x00000000d7380000,0x00000000d7480000)
 ParOldGen       total 68608K, used 51884K [0x0000000080000000, 0x0000000084300000, 0x00000000d5580000)
  object space 68608K, 75% used [0x0000000080000000,0x00000000832ab3e8,0x0000000084300000)
 Metaspace       used 46894K, committed 48192K, reserved 1114112K
  class space    used 5114K, committed 5632K, reserved 1048576K
}
Event: 11.433 GC heap after
{Heap after GC invocations=24 (full 2):
 PSYoungGen      total 22528K, used 512K [0x00000000d5580000, 0x00000000d7400000, 0x0000000100000000)
  eden space 22016K, 0% used [0x00000000d5580000,0x00000000d5580000,0x00000000d6b00000)
  from space 512K, 100% used [0x00000000d7380000,0x00000000d7400000,0x00000000d7400000)
  to   space 1024K, 0% used [0x00000000d7200000,0x00000000d7200000,0x00000000d7300000)
 ParOldGen       total 68608K, used 51932K [0x0000000080000000, 0x0000000084300000, 0x00000000d5580000)
  object space 68608K, 75% used [0x0000000080000000,0x00000000832b73e8,0x0000000084300000)
 Metaspace       used 46894K, committed 48192K, reserved 1114112K
  class space    used 5114K, committed 5632K, reserved 1048576K
}
Event: 11.592 GC heap before
{Heap before GC invocations=25 (full 2):
 PSYoungGen      total 22528K, used 22528K [0x00000000d5580000, 0x00000000d7400000, 0x0000000100000000)
  eden space 22016K, 100% used [0x00000000d5580000,0x00000000d6b00000,0x00000000d6b00000)
  from space 512K, 100% used [0x00000000d7380000,0x00000000d7400000,0x00000000d7400000)
  to   space 1024K, 0% used [0x00000000d7200000,0x00000000d7200000,0x00000000d7300000)
 ParOldGen       total 68608K, used 51932K [0x0000000080000000, 0x0000000084300000, 0x00000000d5580000)
  object space 68608K, 75% used [0x0000000080000000,0x00000000832b73e8,0x0000000084300000)
 Metaspace       used 47204K, committed 48512K, reserved 1114112K
  class space    used 5137K, committed 5696K, reserved 1048576K
}
Event: 11.594 GC heap after
{Heap after GC invocations=25 (full 2):
 PSYoungGen      total 23040K, used 1021K [0x00000000d5580000, 0x00000000d7400000, 0x0000000100000000)
  eden space 22016K, 0% used [0x00000000d5580000,0x00000000d5580000,0x00000000d6b00000)
  from space 1024K, 99% used [0x00000000d7200000,0x00000000d72ff690,0x00000000d7300000)
  to   space 1024K, 0% used [0x00000000d7300000,0x00000000d7300000,0x00000000d7400000)
 ParOldGen       total 68608K, used 52428K [0x0000000080000000, 0x0000000084300000, 0x00000000d5580000)
  object space 68608K, 76% used [0x0000000080000000,0x00000000833333e8,0x0000000084300000)
 Metaspace       used 47204K, committed 48512K, reserved 1114112K
  class space    used 5137K, committed 5696K, reserved 1048576K
}
Event: 11.700 GC heap before
{Heap before GC invocations=26 (full 2):
 PSYoungGen      total 23040K, used 23037K [0x00000000d5580000, 0x00000000d7400000, 0x0000000100000000)
  eden space 22016K, 100% used [0x00000000d5580000,0x00000000d6b00000,0x00000000d6b00000)
  from space 1024K, 99% used [0x00000000d7200000,0x00000000d72ff690,0x00000000d7300000)
  to   space 1024K, 0% used [0x00000000d7300000,0x00000000d7300000,0x00000000d7400000)
 ParOldGen       total 68608K, used 52428K [0x0000000080000000, 0x0000000084300000, 0x00000000d5580000)
  object space 68608K, 76% used [0x0000000080000000,0x00000000833333e8,0x0000000084300000)
 Metaspace       used 47320K, committed 48640K, reserved 1114112K
  class space    used 5152K, committed 5696K, reserved 1048576K
}
Event: 11.702 GC heap after
{Heap after GC invocations=26 (full 2):
 PSYoungGen      total 23040K, used 928K [0x00000000d5580000, 0x00000000d7400000, 0x0000000100000000)
  eden space 22016K, 0% used [0x00000000d5580000,0x00000000d5580000,0x00000000d6b00000)
  from space 1024K, 90% used [0x00000000d7300000,0x00000000d73e8000,0x00000000d7400000)
  to   space 1536K, 0% used [0x00000000d7100000,0x00000000d7100000,0x00000000d7280000)
 ParOldGen       total 68608K, used 53398K [0x0000000080000000, 0x0000000084300000, 0x00000000d5580000)
  object space 68608K, 77% used [0x0000000080000000,0x0000000083425a88,0x0000000084300000)
 Metaspace       used 47320K, committed 48640K, reserved 1114112K
  class space    used 5152K, committed 5696K, reserved 1048576K
}
Event: 11.884 GC heap before
{Heap before GC invocations=27 (full 2):
 PSYoungGen      total 23040K, used 22944K [0x00000000d5580000, 0x00000000d7400000, 0x0000000100000000)
  eden space 22016K, 100% used [0x00000000d5580000,0x00000000d6b00000,0x00000000d6b00000)
  from space 1024K, 90% used [0x00000000d7300000,0x00000000d73e8000,0x00000000d7400000)
  to   space 1536K, 0% used [0x00000000d7100000,0x00000000d7100000,0x00000000d7280000)
 ParOldGen       total 68608K, used 53398K [0x0000000080000000, 0x0000000084300000, 0x00000000d5580000)
  object space 68608K, 77% used [0x0000000080000000,0x0000000083425a88,0x0000000084300000)
 Metaspace       used 47415K, committed 48768K, reserved 1114112K
  class space    used 5182K, committed 5696K, reserved 1048576K
}
Event: 11.887 GC heap after
{Heap after GC invocations=27 (full 2):
 PSYoungGen      total 23552K, used 1120K [0x00000000d5580000, 0x00000000d7380000, 0x0000000100000000)
  eden space 22016K, 0% used [0x00000000d5580000,0x00000000d5580000,0x00000000d6b00000)
  from space 1536K, 72% used [0x00000000d7100000,0x00000000d7218000,0x00000000d7280000)
  to   space 1024K, 0% used [0x00000000d7280000,0x00000000d7280000,0x00000000d7380000)
 ParOldGen       total 68608K, used 54122K [0x0000000080000000, 0x0000000084300000, 0x00000000d5580000)
  object space 68608K, 78% used [0x0000000080000000,0x00000000834daa98,0x0000000084300000)
 Metaspace       used 47415K, committed 48768K, reserved 1114112K
  class space    used 5182K, committed 5696K, reserved 1048576K
}
Event: 12.069 GC heap before
{Heap before GC invocations=28 (full 2):
 PSYoungGen      total 23552K, used 23136K [0x00000000d5580000, 0x00000000d7380000, 0x0000000100000000)
  eden space 22016K, 100% used [0x00000000d5580000,0x00000000d6b00000,0x00000000d6b00000)
  from space 1536K, 72% used [0x00000000d7100000,0x00000000d7218000,0x00000000d7280000)
  to   space 1024K, 0% used [0x00000000d7280000,0x00000000d7280000,0x00000000d7380000)
 ParOldGen       total 68608K, used 54122K [0x0000000080000000, 0x0000000084300000, 0x00000000d5580000)
  object space 68608K, 78% used [0x0000000080000000,0x00000000834daa98,0x0000000084300000)
 Metaspace       used 47477K, committed 48832K, reserved 1114112K
  class space    used 5196K, committed 5760K, reserved 1048576K
}
Event: 12.071 GC heap after
{Heap after GC invocations=28 (full 2):
 PSYoungGen      total 23040K, used 1021K [0x00000000d5580000, 0x00000000d7380000, 0x0000000100000000)
  eden space 22016K, 0% used [0x00000000d5580000,0x00000000d5580000,0x00000000d6b00000)
  from space 1024K, 99% used [0x00000000d7280000,0x00000000d737f690,0x00000000d7380000)
  to   space 2560K, 0% used [0x00000000d6e80000,0x00000000d6e80000,0x00000000d7100000)
 ParOldGen       total 68608K, used 55162K [0x0000000080000000, 0x0000000084300000, 0x00000000d5580000)
  object space 68608K, 80% used [0x0000000080000000,0x00000000835dea98,0x0000000084300000)
 Metaspace       used 47477K, committed 48832K, reserved 1114112K
  class space    used 5196K, committed 5760K, reserved 1048576K
}

