# JRE version: Java(TM) SE Runtime Environment (17.0.11+7) (build 17.0.11+7-LTS-207)
# Java VM: Java HotSpot(TM) 64-Bit Server VM (17.0.11+7-LTS-207, mixed mode, emulated-client, sharing, tiered, compressed oops, compressed class ptrs, g1 gc, windows-amd64)
GC Precious Log:
 CPUs: 12 total, 12 available
 Memory: 15720M
 Large Page Support: Disabled
 NUMA Support: Disabled
 Compressed Oops: Enabled (Zero based)
 Heap Region Size: 2M
 Heap Min Capacity: 8M
 Heap Initial Capacity: 246M
 Heap Max Capacity: 3932M
 Pre-touch: Disabled
 Parallel Workers: 10
 Concurrent Workers: 3
 Concurrent Refinement Workers: 10
 Periodic GC: Disabled
Heap:
 garbage-first heap   total 108544K, used 32776K [0x000000070a400000, 0x0000000800000000)
  region size 2048K, 2 young (4096K), 2 survivors (4096K)
 Metaspace       used 52360K, committed 52928K, reserved 1114112K
  class space    used 7151K, committed 7424K, reserved 1048576K
GC Heap History (20 events):
Event: 4.281 GC heap after
{Heap after GC invocations=3 (full 0):
 garbage-first heap   total 251904K, used 16524K [0x000000070a400000, 0x0000000800000000)
  region size 2048K, 3 young (6144K), 3 survivors (6144K)
 Metaspace       used 21204K, committed 21504K, reserved 1114112K
  class space    used 2625K, committed 2816K, reserved 1048576K
}
Event: 4.580 GC heap before
{Heap before GC invocations=4 (full 0):
 garbage-first heap   total 69632K, used 49292K [0x000000070a400000, 0x0000000800000000)
  region size 2048K, 20 young (40960K), 3 survivors (6144K)
 Metaspace       used 26734K, committed 27008K, reserved 1114112K
  class space    used 3482K, committed 3584K, reserved 1048576K
}
Event: 4.585 GC heap after
{Heap after GC invocations=5 (full 0):
 garbage-first heap   total 69632K, used 18102K [0x000000070a400000, 0x0000000800000000)
  region size 2048K, 4 young (8192K), 4 survivors (8192K)
 Metaspace       used 26734K, committed 27008K, reserved 1114112K
  class space    used 3482K, committed 3584K, reserved 1048576K
}
Event: 4.601 GC heap before
{Heap before GC invocations=5 (full 0):
 garbage-first heap   total 69632K, used 20150K [0x000000070a400000, 0x0000000800000000)
  region size 2048K, 5 young (10240K), 4 survivors (8192K)
 Metaspace       used 27086K, committed 27328K, reserved 1114112K
  class space    used 3544K, committed 3648K, reserved 1048576K
}
Event: 4.606 GC heap after
{Heap after GC invocations=6 (full 0):
 garbage-first heap   total 69632K, used 18701K [0x000000070a400000, 0x0000000800000000)
  region size 2048K, 1 young (2048K), 1 survivors (2048K)
 Metaspace       used 27086K, committed 27328K, reserved 1114112K
  class space    used 3544K, committed 3648K, reserved 1048576K
}
Event: 4.827 GC heap before
{Heap before GC invocations=6 (full 0):
 garbage-first heap   total 69632K, used 41229K [0x000000070a400000, 0x0000000800000000)
  region size 2048K, 12 young (24576K), 1 survivors (2048K)
 Metaspace       used 30277K, committed 30592K, reserved 1114112K
  class space    used 3950K, committed 4096K, reserved 1048576K
}
Event: 4.829 GC heap after
{Heap after GC invocations=7 (full 0):
 garbage-first heap   total 69632K, used 19980K [0x000000070a400000, 0x0000000800000000)
  region size 2048K, 2 young (4096K), 2 survivors (4096K)
 Metaspace       used 30277K, committed 30592K, reserved 1114112K
  class space    used 3950K, committed 4096K, reserved 1048576K
}
Event: 5.087 GC heap before
{Heap before GC invocations=7 (full 0):
 garbage-first heap   total 69632K, used 44556K [0x000000070a400000, 0x0000000800000000)
  region size 2048K, 14 young (28672K), 2 survivors (4096K)
 Metaspace       used 32453K, committed 32832K, reserved 1114112K
  class space    used 4209K, committed 4416K, reserved 1048576K
}
Event: 5.091 GC heap after
{Heap after GC invocations=8 (full 0):
 garbage-first heap   total 69632K, used 22135K [0x000000070a400000, 0x0000000800000000)
  region size 2048K, 2 young (4096K), 2 survivors (4096K)
 Metaspace       used 32453K, committed 32832K, reserved 1114112K
  class space    used 4209K, committed 4416K, reserved 1048576K
}
Event: 5.317 GC heap before
{Heap before GC invocations=8 (full 0):
 garbage-first heap   total 69632K, used 46711K [0x000000070a400000, 0x0000000800000000)
  region size 2048K, 14 young (28672K), 2 survivors (4096K)
 Metaspace       used 33124K, committed 33472K, reserved 1114112K
  class space    used 4319K, committed 4480K, reserved 1048576K
}
Event: 5.322 GC heap after
{Heap after GC invocations=9 (full 0):
 garbage-first heap   total 131072K, used 23831K [0x000000070a400000, 0x0000000800000000)
  region size 2048K, 2 young (4096K), 2 survivors (4096K)
 Metaspace       used 33124K, committed 33472K, reserved 1114112K
  class space    used 4319K, committed 4480K, reserved 1048576K
}
Event: 5.706 GC heap before
{Heap before GC invocations=9 (full 0):
 garbage-first heap   total 131072K, used 46359K [0x000000070a400000, 0x0000000800000000)
  region size 2048K, 14 young (28672K), 2 survivors (4096K)
 Metaspace       used 35627K, committed 35968K, reserved 1114112K
  class space    used 4682K, committed 4864K, reserved 1048576K
}
Event: 5.711 GC heap after
{Heap after GC invocations=10 (full 0):
 garbage-first heap   total 131072K, used 25302K [0x000000070a400000, 0x0000000800000000)
  region size 2048K, 3 young (6144K), 3 survivors (6144K)
 Metaspace       used 35627K, committed 35968K, reserved 1114112K
  class space    used 4682K, committed 4864K, reserved 1048576K
}
Event: 6.395 GC heap before
{Heap before GC invocations=11 (full 0):
 garbage-first heap   total 96256K, used 76502K [0x000000070a400000, 0x0000000800000000)
  region size 2048K, 28 young (57344K), 3 survivors (6144K)
 Metaspace       used 40936K, committed 41344K, reserved 1114112K
  class space    used 5574K, committed 5760K, reserved 1048576K
}
Event: 6.407 GC heap after
{Heap after GC invocations=12 (full 0):
 garbage-first heap   total 96256K, used 27376K [0x000000070a400000, 0x0000000800000000)
  region size 2048K, 3 young (6144K), 3 survivors (6144K)
 Metaspace       used 40936K, committed 41344K, reserved 1114112K
  class space    used 5574K, committed 5760K, reserved 1048576K
}
Event: 6.453 GC heap before
{Heap before GC invocations=12 (full 0):
 garbage-first heap   total 96256K, used 29424K [0x000000070a400000, 0x0000000800000000)
  region size 2048K, 4 young (8192K), 3 survivors (6144K)
 Metaspace       used 41047K, committed 41472K, reserved 1114112K
  class space    used 5588K, committed 5760K, reserved 1048576K
}
Event: 6.459 GC heap after
{Heap after GC invocations=13 (full 0):
 garbage-first heap   total 96256K, used 27627K [0x000000070a400000, 0x0000000800000000)
  region size 2048K, 1 young (2048K), 1 survivors (2048K)
 Metaspace       used 41047K, committed 41472K, reserved 1114112K
  class space    used 5588K, committed 5760K, reserved 1048576K
}
Event: 7.080 GC heap before
{Heap before GC invocations=13 (full 0):
 garbage-first heap   total 96256K, used 72683K [0x000000070a400000, 0x0000000800000000)
  region size 2048K, 23 young (47104K), 1 survivors (2048K)
 Metaspace       used 46425K, committed 46912K, reserved 1114112K
  class space    used 6379K, committed 6592K, reserved 1048576K
}
Event: 7.090 GC heap after
{Heap after GC invocations=14 (full 0):
 garbage-first heap   total 96256K, used 30277K [0x000000070a400000, 0x0000000800000000)
  region size 2048K, 2 young (4096K), 2 survivors (4096K)
 Metaspace       used 46425K, committed 46912K, reserved 1114112K
  class space    used 6379K, committed 6592K, reserved 1048576K
}
Event: 7.707 GC heap before
{Heap before GC invocations=14 (full 0):
 garbage-first heap   total 96256K, used 73285K [0x000000070a400000, 0x0000000800000000)
  region size 2048K, 23 young (47104K), 2 survivors (4096K)
 Metaspace       used 52360K, committed 52928K, reserved 1114112K
  class space    used 7151K, committed 7424K, reserved 1048576K
}

